<?xml version="1.0" encoding="UTF-8"?>
<!-- Generated by org.testng.reporters.JUnitReportReporter -->
<testsuite hostname="jooyans-MBP" failures="0" tests="2" name="com.qtpselenium.cor.ddf.testcases.DummyTestB" time="0.422" errors="0" timestamp="2020-05-12T13:12:19 BST" skipped="2">
  <testcase classname="com.qtpselenium.cor.ddf.testcases.DummyTestB" name="testB" time="0.099">
    <skipped/>
  </testcase> <!-- testB -->
  <system-out/>
  <testcase classname="com.qtpselenium.cor.ddf.testcases.DummyTestB" name="testB" time="0.323">
    <skipped/>
  </testcase> <!-- testB -->
  <system-out/>
</testsuite> <!-- com.qtpselenium.cor.ddf.testcases.DummyTestB -->
