<?xml version="1.0" encoding="UTF-8"?>
<!-- Generated by org.testng.reporters.JUnitReportReporter -->
<testsuite hostname="jooyans-MBP" failures="0" tests="1" name="com.qtpselenium.cor.ddf.testcases.BasicDrivers" time="4.277" errors="0" timestamp="2020-05-08T11:41:10 BST" skipped="0">
  <testcase classname="com.qtpselenium.cor.ddf.testcases.BasicDrivers" name="launchsite" time="4.277"/>
  <system-out/>
</testsuite> <!-- com.qtpselenium.cor.ddf.testcases.BasicDrivers -->
