<?xml version="1.0" encoding="UTF-8"?>
<!-- Generated by org.testng.reporters.JUnitReportReporter -->
<testsuite hostname="jooyans-MBP" failures="0" tests="4" name="com.qtpselenium.cor.ddf.testcases.DummyTestC" time="0.569" errors="0" timestamp="2020-05-12T13:12:03 BST" skipped="4">
  <testcase classname="com.qtpselenium.cor.ddf.testcases.DummyTestC" name="testC" time="0.080">
    <skipped/>
  </testcase> <!-- testC -->
  <system-out/>
  <testcase classname="com.qtpselenium.cor.ddf.testcases.DummyTestC" name="testC" time="0.099">
    <skipped/>
  </testcase> <!-- testC -->
  <system-out/>
  <testcase classname="com.qtpselenium.cor.ddf.testcases.DummyTestC" name="testC" time="0.333">
    <skipped/>
  </testcase> <!-- testC -->
  <system-out/>
  <testcase classname="com.qtpselenium.cor.ddf.testcases.DummyTestC" name="testC" time="0.057">
    <skipped/>
  </testcase> <!-- testC -->
  <system-out/>
</testsuite> <!-- com.qtpselenium.cor.ddf.testcases.DummyTestC -->
