<?xml version="1.0" encoding="UTF-8"?>
<!-- Generated by org.testng.reporters.JUnitReportReporter -->
<testsuite hostname="jooyans-MBP" failures="0" tests="2" name="com.qtpselenium.zoho.project.testcases.LoginTest" time="17.333" errors="0" timestamp="2020-05-23T12:40:43 BST" skipped="1">
  <testcase classname="com.qtpselenium.zoho.project.testcases.LoginTest" name="doLoginTest" time="16.773"/>
  <system-out/>
  <testcase classname="com.qtpselenium.zoho.project.testcases.LoginTest" name="doLoginTest" time="0.560">
    <skipped/>
  </testcase> <!-- doLoginTest -->
  <system-out/>
</testsuite> <!-- com.qtpselenium.zoho.project.testcases.LoginTest -->
